Analysis & Synthesis report for DSD-1
Sun Aug 27 09:20:04 2023
Quartus II Version 9.0 Build 132 02/25/2009 SJ Web Edition


---------------------
; Table of Contents ;
---------------------
  1. Legal Notice
  2. Analysis & Synthesis Summary
  3. Analysis & Synthesis Settings
  4. Analysis & Synthesis Source Files Read
  5. Analysis & Synthesis Resource Usage Summary
  6. Analysis & Synthesis Resource Utilization by Entity
  7. General Register Statistics
  8. Analysis & Synthesis Messages



----------------
; Legal Notice ;
----------------
Copyright (C) 1991-2009 Altera Corporation
Your use of Altera Corporation's design tools, logic functions 
and other software and tools, and its AMPP partner logic 
functions, and any output files from any of the foregoing 
(including device programming or simulation files), and any 
associated documentation or information are expressly subject 
to the terms and conditions of the Altera Program License 
Subscription Agreement, Altera MegaCore Function License 
Agreement, or other applicable license agreement, including, 
without limitation, that your use is for the sole purpose of 
programming logic devices manufactured by Altera and sold by 
Altera or its authorized distributors.  Please refer to the 
applicable agreement for further details.



+-------------------------------------------------------------------------+
; Analysis & Synthesis Summary                                            ;
+-------------------------------+-----------------------------------------+
; Analysis & Synthesis Status   ; Successful - Sun Aug 27 09:20:04 2023   ;
; Quartus II Version            ; 9.0 Build 132 02/25/2009 SJ Web Edition ;
; Revision Name                 ; DSD-1                                   ;
; Top-level Entity Name         ; Reminder11                              ;
; Family                        ; Stratix II                              ;
; Logic utilization             ; N/A                                     ;
;     Combinational ALUTs       ; 22                                      ;
;     Dedicated logic registers ; 0                                       ;
; Total registers               ; 0                                       ;
; Total pins                    ; 17                                      ;
; Total virtual pins            ; 0                                       ;
; Total block memory bits       ; 0                                       ;
; DSP block 9-bit elements      ; 0                                       ;
; Total PLLs                    ; 0                                       ;
; Total DLLs                    ; 0                                       ;
+-------------------------------+-----------------------------------------+


+----------------------------------------------------------------------------------------------------------+
; Analysis & Synthesis Settings                                                                            ;
+----------------------------------------------------------------+--------------------+--------------------+
; Option                                                         ; Setting            ; Default Value      ;
+----------------------------------------------------------------+--------------------+--------------------+
; Top-level entity name                                          ; Reminder11         ; DSD-1              ;
; Family name                                                    ; Stratix II         ; Stratix II         ;
; Use Generated Physical Constraints File                        ; Off                ;                    ;
; Use smart compilation                                          ; Off                ; Off                ;
; Restructure Multiplexers                                       ; Auto               ; Auto               ;
; Create Debugging Nodes for IP Cores                            ; Off                ; Off                ;
; Preserve fewer node names                                      ; On                 ; On                 ;
; Disable OpenCore Plus hardware evaluation                      ; Off                ; Off                ;
; Verilog Version                                                ; Verilog_2001       ; Verilog_2001       ;
; VHDL Version                                                   ; VHDL93             ; VHDL93             ;
; State Machine Processing                                       ; Auto               ; Auto               ;
; Safe State Machine                                             ; Off                ; Off                ;
; Extract Verilog State Machines                                 ; On                 ; On                 ;
; Extract VHDL State Machines                                    ; On                 ; On                 ;
; Ignore Verilog initial constructs                              ; Off                ; Off                ;
; Iteration limit for constant Verilog loops                     ; 5000               ; 5000               ;
; Iteration limit for non-constant Verilog loops                 ; 250                ; 250                ;
; Add Pass-Through Logic to Inferred RAMs                        ; On                 ; On                 ;
; Parallel Synthesis                                             ; Off                ; Off                ;
; DSP Block Balancing                                            ; Auto               ; Auto               ;
; NOT Gate Push-Back                                             ; On                 ; On                 ;
; Power-Up Don't Care                                            ; On                 ; On                 ;
; Remove Redundant Logic Cells                                   ; Off                ; Off                ;
; Remove Duplicate Registers                                     ; On                 ; On                 ;
; Ignore CARRY Buffers                                           ; Off                ; Off                ;
; Ignore CASCADE Buffers                                         ; Off                ; Off                ;
; Ignore GLOBAL Buffers                                          ; Off                ; Off                ;
; Ignore ROW GLOBAL Buffers                                      ; Off                ; Off                ;
; Ignore LCELL Buffers                                           ; Off                ; Off                ;
; Ignore SOFT Buffers                                            ; On                 ; On                 ;
; Limit AHDL Integers to 32 Bits                                 ; Off                ; Off                ;
; Optimization Technique                                         ; Balanced           ; Balanced           ;
; Carry Chain Length                                             ; 70                 ; 70                 ;
; Auto Carry Chains                                              ; On                 ; On                 ;
; Auto Open-Drain Pins                                           ; On                 ; On                 ;
; Perform WYSIWYG Primitive Resynthesis                          ; Off                ; Off                ;
; Auto ROM Replacement                                           ; On                 ; On                 ;
; Auto RAM Replacement                                           ; On                 ; On                 ;
; Auto DSP Block Replacement                                     ; On                 ; On                 ;
; Auto Shift Register Replacement                                ; Auto               ; Auto               ;
; Auto Clock Enable Replacement                                  ; On                 ; On                 ;
; Strict RAM Replacement                                         ; Off                ; Off                ;
; Allow Synchronous Control Signals                              ; On                 ; On                 ;
; Force Use of Synchronous Clear Signals                         ; Off                ; Off                ;
; Auto RAM Block Balancing                                       ; On                 ; On                 ;
; Auto RAM to Logic Cell Conversion                              ; Off                ; Off                ;
; Auto Resource Sharing                                          ; Off                ; Off                ;
; Allow Any RAM Size For Recognition                             ; Off                ; Off                ;
; Allow Any ROM Size For Recognition                             ; Off                ; Off                ;
; Allow Any Shift Register Size For Recognition                  ; Off                ; Off                ;
; Use LogicLock Constraints during Resource Balancing            ; On                 ; On                 ;
; Ignore translate_off and synthesis_off directives              ; Off                ; Off                ;
; Timing-Driven Synthesis                                        ; Off                ; Off                ;
; Show Parameter Settings Tables in Synthesis Report             ; On                 ; On                 ;
; Ignore Maximum Fan-Out Assignments                             ; Off                ; Off                ;
; Synchronization Register Chain Length                          ; 2                  ; 2                  ;
; PowerPlay Power Optimization                                   ; Normal compilation ; Normal compilation ;
; HDL message level                                              ; Level2             ; Level2             ;
; Suppress Register Optimization Related Messages                ; Off                ; Off                ;
; Number of Removed Registers Reported in Synthesis Report       ; 100                ; 100                ;
; Number of Inverted Registers Reported in Synthesis Report      ; 100                ; 100                ;
; Clock MUX Protection                                           ; On                 ; On                 ;
; Auto Gated Clock Conversion                                    ; Off                ; Off                ;
; Block Design Naming                                            ; Auto               ; Auto               ;
; SDC constraint protection                                      ; Off                ; Off                ;
; Synthesis Effort                                               ; Auto               ; Auto               ;
; Allows Asynchronous Clear Usage For Shift Register Replacement ; On                 ; On                 ;
; Analysis & Synthesis Message Level                             ; Medium             ; Medium             ;
+----------------------------------------------------------------+--------------------+--------------------+


+--------------------------------------------------------------------------------------------------------------------------------------------------------------------+
; Analysis & Synthesis Source Files Read                                                                                                                             ;
+----------------------------------+-----------------+------------------------------------+--------------------------------------------------------------------------+
; File Name with User-Entered Path ; Used in Netlist ; File Type                          ; File Name with Absolute Path                                             ;
+----------------------------------+-----------------+------------------------------------+--------------------------------------------------------------------------+
; FA.bdf                           ; yes             ; User Block Diagram/Schematic File  ; C:/Users/Iman/Downloads/Compressed/DSD-1-98171053/DSD/FA.bdf             ;
; 6bit_FA.bdf                      ; yes             ; User Block Diagram/Schematic File  ; C:/Users/Iman/Downloads/Compressed/DSD-1-98171053/DSD/6bit_FA.bdf        ;
; 2th_complement.bdf               ; yes             ; User Block Diagram/Schematic File  ; C:/Users/Iman/Downloads/Compressed/DSD-1-98171053/DSD/2th_complement.bdf ;
; Reminder11.bdf                   ; yes             ; User Block Diagram/Schematic File  ; C:/Users/Iman/Downloads/Compressed/DSD-1-98171053/DSD/Reminder11.bdf     ;
+----------------------------------+-----------------+------------------------------------+--------------------------------------------------------------------------+


+------------------------------------------------------------------------------+
; Analysis & Synthesis Resource Usage Summary                                  ;
+-----------------------------------------------+------------------------------+
; Resource                                      ; Usage                        ;
+-----------------------------------------------+------------------------------+
; Estimated ALUTs Used                          ; 22                           ;
; Dedicated logic registers                     ; 0                            ;
;                                               ;                              ;
; Estimated ALUTs Unavailable                   ; 2                            ;
;                                               ;                              ;
; Total combinational functions                 ; 22                           ;
; Combinational ALUT usage by number of inputs  ;                              ;
;     -- 7 input functions                      ; 0                            ;
;     -- 6 input functions                      ; 4                            ;
;     -- 5 input functions                      ; 10                           ;
;     -- 4 input functions                      ; 4                            ;
;     -- <=3 input functions                    ; 4                            ;
;                                               ;                              ;
; Combinational ALUTs by mode                   ;                              ;
;     -- normal mode                            ; 22                           ;
;     -- extended LUT mode                      ; 0                            ;
;     -- arithmetic mode                        ; 0                            ;
;     -- shared arithmetic mode                 ; 0                            ;
;                                               ;                              ;
; Estimated ALUT/register pairs used            ; 22                           ;
;                                               ;                              ;
; Total registers                               ; 0                            ;
;     -- Dedicated logic registers              ; 0                            ;
;     -- I/O registers                          ; 0                            ;
;                                               ;                              ;
; Estimated ALMs:  partially or completely used ; 11                           ;
;                                               ;                              ;
; I/O pins                                      ; 17                           ;
; Maximum fan-out node                          ; 6bit_FA:inst1|FA:inst|inst~0 ;
; Maximum fan-out                               ; 6                            ;
; Total fan-out                                 ; 100                          ;
; Average fan-out                               ; 2.56                         ;
+-----------------------------------------------+------------------------------+


+------------------------------------------------------------------------------------------------------------------------------------------------------------------------------------------------------------------------------------+
; Analysis & Synthesis Resource Utilization by Entity                                                                                                                                                                                ;
+----------------------------+-------------------+--------------+-------------------+--------------+---------+-----------+-----------+------+--------------+----------------------------------------------------------+--------------+
; Compilation Hierarchy Node ; LC Combinationals ; LC Registers ; Block Memory Bits ; DSP Elements ; DSP 9x9 ; DSP 18x18 ; DSP 36x36 ; Pins ; Virtual Pins ; Full Hierarchy Name                                      ; Library Name ;
+----------------------------+-------------------+--------------+-------------------+--------------+---------+-----------+-----------+------+--------------+----------------------------------------------------------+--------------+
; |Reminder11                ; 22 (4)            ; 0 (0)        ; 0                 ; 0            ; 0       ; 0         ; 0         ; 17   ; 0            ; |Reminder11                                              ; work         ;
;    |2th_complement:inst3|  ; 1 (0)             ; 0 (0)        ; 0                 ; 0            ; 0       ; 0         ; 0         ; 0    ; 0            ; |Reminder11|2th_complement:inst3                         ; work         ;
;       |6bit_FA:inst11|     ; 1 (0)             ; 0 (0)        ; 0                 ; 0            ; 0       ; 0         ; 0         ; 0    ; 0            ; |Reminder11|2th_complement:inst3|6bit_FA:inst11          ; work         ;
;          |FA:inst8|        ; 1 (1)             ; 0 (0)        ; 0                 ; 0            ; 0       ; 0         ; 0         ; 0    ; 0            ; |Reminder11|2th_complement:inst3|6bit_FA:inst11|FA:inst8 ; work         ;
;    |6bit_FA:inst1|         ; 6 (0)             ; 0 (0)        ; 0                 ; 0            ; 0       ; 0         ; 0         ; 0    ; 0            ; |Reminder11|6bit_FA:inst1                                ; work         ;
;       |FA:inst7|           ; 2 (2)             ; 0 (0)        ; 0                 ; 0            ; 0       ; 0         ; 0         ; 0    ; 0            ; |Reminder11|6bit_FA:inst1|FA:inst7                       ; work         ;
;       |FA:inst8|           ; 1 (1)             ; 0 (0)        ; 0                 ; 0            ; 0       ; 0         ; 0         ; 0    ; 0            ; |Reminder11|6bit_FA:inst1|FA:inst8                       ; work         ;
;       |FA:inst9|           ; 2 (2)             ; 0 (0)        ; 0                 ; 0            ; 0       ; 0         ; 0         ; 0    ; 0            ; |Reminder11|6bit_FA:inst1|FA:inst9                       ; work         ;
;       |FA:inst|            ; 1 (1)             ; 0 (0)        ; 0                 ; 0            ; 0       ; 0         ; 0         ; 0    ; 0            ; |Reminder11|6bit_FA:inst1|FA:inst                        ; work         ;
;    |6bit_FA:inst4|         ; 5 (0)             ; 0 (0)        ; 0                 ; 0            ; 0       ; 0         ; 0         ; 0    ; 0            ; |Reminder11|6bit_FA:inst4                                ; work         ;
;       |FA:inst10|          ; 1 (1)             ; 0 (0)        ; 0                 ; 0            ; 0       ; 0         ; 0         ; 0    ; 0            ; |Reminder11|6bit_FA:inst4|FA:inst10                      ; work         ;
;       |FA:inst7|           ; 2 (2)             ; 0 (0)        ; 0                 ; 0            ; 0       ; 0         ; 0         ; 0    ; 0            ; |Reminder11|6bit_FA:inst4|FA:inst7                       ; work         ;
;       |FA:inst8|           ; 2 (2)             ; 0 (0)        ; 0                 ; 0            ; 0       ; 0         ; 0         ; 0    ; 0            ; |Reminder11|6bit_FA:inst4|FA:inst8                       ; work         ;
;    |6bit_FA:inst|          ; 6 (0)             ; 0 (0)        ; 0                 ; 0            ; 0       ; 0         ; 0         ; 0    ; 0            ; |Reminder11|6bit_FA:inst                                 ; work         ;
;       |FA:inst7|           ; 2 (2)             ; 0 (0)        ; 0                 ; 0            ; 0       ; 0         ; 0         ; 0    ; 0            ; |Reminder11|6bit_FA:inst|FA:inst7                        ; work         ;
;       |FA:inst8|           ; 1 (1)             ; 0 (0)        ; 0                 ; 0            ; 0       ; 0         ; 0         ; 0    ; 0            ; |Reminder11|6bit_FA:inst|FA:inst8                        ; work         ;
;       |FA:inst9|           ; 2 (2)             ; 0 (0)        ; 0                 ; 0            ; 0       ; 0         ; 0         ; 0    ; 0            ; |Reminder11|6bit_FA:inst|FA:inst9                        ; work         ;
;       |FA:inst|            ; 1 (1)             ; 0 (0)        ; 0                 ; 0            ; 0       ; 0         ; 0         ; 0    ; 0            ; |Reminder11|6bit_FA:inst|FA:inst                         ; work         ;
+----------------------------+-------------------+--------------+-------------------+--------------+---------+-----------+-----------+------+--------------+----------------------------------------------------------+--------------+
Note: For table entries with two numbers listed, the numbers in parentheses indicate the number of resources of the given type used by the specific entity alone. The numbers listed outside of parentheses indicate the total resources of the given type used by the specific entity and all of its sub-entities in the hierarchy.


+------------------------------------------------------+
; General Register Statistics                          ;
+----------------------------------------------+-------+
; Statistic                                    ; Value ;
+----------------------------------------------+-------+
; Total registers                              ; 0     ;
; Number of registers using Synchronous Clear  ; 0     ;
; Number of registers using Synchronous Load   ; 0     ;
; Number of registers using Asynchronous Clear ; 0     ;
; Number of registers using Asynchronous Load  ; 0     ;
; Number of registers using Clock Enable       ; 0     ;
; Number of registers using Preset             ; 0     ;
+----------------------------------------------+-------+


+-------------------------------+
; Analysis & Synthesis Messages ;
+-------------------------------+
Info: *******************************************************************
Info: Running Quartus II Analysis & Synthesis
    Info: Version 9.0 Build 132 02/25/2009 SJ Web Edition
    Info: Processing started: Sun Aug 27 09:20:02 2023
Info: Command: quartus_map --read_settings_files=on --write_settings_files=off DSD-1 -c DSD-1
Info: Found 1 design units, including 1 entities, in source file DSD-1.bdf
    Info: Found entity 1: DSD-1
Info: Found 1 design units, including 1 entities, in source file HA.bdf
    Info: Found entity 1: HA
Info: Found 1 design units, including 1 entities, in source file Reminder3.bdf
    Info: Found entity 1: Reminder3
Info: Found 1 design units, including 1 entities, in source file Reminder3_4bit.bdf
    Info: Found entity 1: Reminder3_4bit
Info: Found 1 design units, including 1 entities, in source file FA.bdf
    Info: Found entity 1: FA
Info: Found 1 design units, including 1 entities, in source file 6bit_FA.bdf
    Info: Found entity 1: 6bit_FA
Info: Found 1 design units, including 1 entities, in source file 2th_complement.bdf
    Info: Found entity 1: 2th_complement
Info: Found 1 design units, including 1 entities, in source file Reminder11.bdf
    Info: Found entity 1: Reminder11
Warning: Can't analyze file -- file C:/Users/Iman/Downloads/Compressed/DSD-1-98171053/DSD/Block1.bdf is missing
Info: Elaborating entity "Reminder11" for the top level hierarchy
Info: Elaborating entity "6bit_FA" for hierarchy "6bit_FA:inst4"
Info: Elaborating entity "FA" for hierarchy "6bit_FA:inst4|FA:inst"
Info: Elaborating entity "2th_complement" for hierarchy "2th_complement:inst3"
Info: Implemented 39 device resources after synthesis - the final resource count might be different
    Info: Implemented 16 input pins
    Info: Implemented 1 output pins
    Info: Implemented 22 logic cells
Info: Quartus II Analysis & Synthesis was successful. 0 errors, 1 warning
    Info: Peak virtual memory: 227 megabytes
    Info: Processing ended: Sun Aug 27 09:20:04 2023
    Info: Elapsed time: 00:00:02
    Info: Total CPU time (on all processors): 00:00:01


