Classic Timing Analyzer report for DSD-1
Sun Aug 27 09:20:11 2023
Quartus II Version 9.0 Build 132 02/25/2009 SJ Web Edition


---------------------
; Table of Contents ;
---------------------
  1. Legal Notice
  2. Timing Analyzer Summary
  3. Timing Analyzer Settings
  4. Parallel Compilation
  5. tpd
  6. Timing Analyzer Messages



----------------
; Legal Notice ;
----------------
Copyright (C) 1991-2009 Altera Corporation
Your use of Altera Corporation's design tools, logic functions 
and other software and tools, and its AMPP partner logic 
functions, and any output files from any of the foregoing 
(including device programming or simulation files), and any 
associated documentation or information are expressly subject 
to the terms and conditions of the Altera Program License 
Subscription Agreement, Altera MegaCore Function License 
Agreement, or other applicable license agreement, including, 
without limitation, that your use is for the sole purpose of 
programming logic devices manufactured by Altera and sold by 
Altera or its authorized distributors.  Please refer to the 
applicable agreement for further details.



+-----------------------------------------------------------------------------------------------------------------------+
; Timing Analyzer Summary                                                                                               ;
+------------------------------+-------+---------------+-------------+------+----+------------+----------+--------------+
; Type                         ; Slack ; Required Time ; Actual Time ; From ; To ; From Clock ; To Clock ; Failed Paths ;
+------------------------------+-------+---------------+-------------+------+----+------------+----------+--------------+
; Worst-case tpd               ; N/A   ; None          ; 13.685 ns   ; D00  ; R  ; --         ; --       ; 0            ;
; Total number of failed paths ;       ;               ;             ;      ;    ;            ;          ; 0            ;
+------------------------------+-------+---------------+-------------+------+----+------------+----------+--------------+


+--------------------------------------------------------------------------------------------------------------------+
; Timing Analyzer Settings                                                                                           ;
+---------------------------------------------------------------------+--------------------+------+----+-------------+
; Option                                                              ; Setting            ; From ; To ; Entity Name ;
+---------------------------------------------------------------------+--------------------+------+----+-------------+
; Device Name                                                         ; EP2S15F484C3       ;      ;    ;             ;
; Timing Models                                                       ; Final              ;      ;    ;             ;
; Default hold multicycle                                             ; Same as Multicycle ;      ;    ;             ;
; Cut paths between unrelated clock domains                           ; On                 ;      ;    ;             ;
; Cut off read during write signal paths                              ; On                 ;      ;    ;             ;
; Cut off feedback from I/O pins                                      ; On                 ;      ;    ;             ;
; Report Combined Fast/Slow Timing                                    ; Off                ;      ;    ;             ;
; Ignore Clock Settings                                               ; Off                ;      ;    ;             ;
; Analyze latches as synchronous elements                             ; On                 ;      ;    ;             ;
; Enable Recovery/Removal analysis                                    ; Off                ;      ;    ;             ;
; Enable Clock Latency                                                ; Off                ;      ;    ;             ;
; Use TimeQuest Timing Analyzer                                       ; Off                ;      ;    ;             ;
; Number of source nodes to report per destination node               ; 10                 ;      ;    ;             ;
; Number of destination nodes to report                               ; 10                 ;      ;    ;             ;
; Number of paths to report                                           ; 200                ;      ;    ;             ;
; Report Minimum Timing Checks                                        ; Off                ;      ;    ;             ;
; Use Fast Timing Models                                              ; Off                ;      ;    ;             ;
; Report IO Paths Separately                                          ; Off                ;      ;    ;             ;
; Perform Multicorner Analysis                                        ; On                 ;      ;    ;             ;
; Reports the worst-case path for each clock domain and analysis      ; Off                ;      ;    ;             ;
; Removes common clock path pessimism (CCPP) during slack computation ; Off                ;      ;    ;             ;
; Output I/O Timing Endpoint                                          ; Near End           ;      ;    ;             ;
+---------------------------------------------------------------------+--------------------+------+----+-------------+


Parallel compilation was disabled, but you have multiple processors available. Enable parallel compilation to reduce compilation time.
+-------------------------------------+
; Parallel Compilation                ;
+----------------------------+--------+
; Processors                 ; Number ;
+----------------------------+--------+
; Number detected on machine ; 8      ;
; Maximum allowed            ; 1      ;
+----------------------------+--------+


+---------------------------------------------------------+
; tpd                                                     ;
+-------+-------------------+-----------------+------+----+
; Slack ; Required P2P Time ; Actual P2P Time ; From ; To ;
+-------+-------------------+-----------------+------+----+
; N/A   ; None              ; 13.685 ns       ; D00  ; R  ;
; N/A   ; None              ; 13.298 ns       ; D02  ; R  ;
; N/A   ; None              ; 13.198 ns       ; D32  ; R  ;
; N/A   ; None              ; 13.108 ns       ; D20  ; R  ;
; N/A   ; None              ; 13.085 ns       ; D01  ; R  ;
; N/A   ; None              ; 13.026 ns       ; D22  ; R  ;
; N/A   ; None              ; 13.024 ns       ; D10  ; R  ;
; N/A   ; None              ; 12.937 ns       ; D30  ; R  ;
; N/A   ; None              ; 12.922 ns       ; D12  ; R  ;
; N/A   ; None              ; 12.719 ns       ; D21  ; R  ;
; N/A   ; None              ; 12.537 ns       ; D31  ; R  ;
; N/A   ; None              ; 12.427 ns       ; D11  ; R  ;
; N/A   ; None              ; 12.103 ns       ; D33  ; R  ;
; N/A   ; None              ; 12.043 ns       ; D03  ; R  ;
; N/A   ; None              ; 11.838 ns       ; D23  ; R  ;
; N/A   ; None              ; 11.708 ns       ; D13  ; R  ;
+-------+-------------------+-----------------+------+----+


+--------------------------+
; Timing Analyzer Messages ;
+--------------------------+
Info: *******************************************************************
Info: Running Quartus II Classic Timing Analyzer
    Info: Version 9.0 Build 132 02/25/2009 SJ Web Edition
    Info: Processing started: Sun Aug 27 09:20:11 2023
Info: Command: quartus_tan --read_settings_files=off --write_settings_files=off DSD-1 -c DSD-1 --timing_analysis_only
Info: Longest tpd from source pin "D00" to destination pin "R" is 13.685 ns
    Info: 1: + IC(0.000 ns) + CELL(0.857 ns) = 0.857 ns; Loc. = PIN_AA7; Fanout = 5; PIN Node = 'D00'
    Info: 2: + IC(4.868 ns) + CELL(0.225 ns) = 5.950 ns; Loc. = LCCOMB_X39_Y12_N10; Fanout = 2; COMB Node = '6bit_FA:inst|FA:inst7|inst7~0'
    Info: 3: + IC(0.245 ns) + CELL(0.228 ns) = 6.423 ns; Loc. = LCCOMB_X39_Y12_N2; Fanout = 2; COMB Node = '6bit_FA:inst4|FA:inst7|inst5~0'
    Info: 4: + IC(0.258 ns) + CELL(0.228 ns) = 6.909 ns; Loc. = LCCOMB_X39_Y12_N28; Fanout = 3; COMB Node = '6bit_FA:inst4|FA:inst8|inst5~0'
    Info: 5: + IC(0.608 ns) + CELL(0.272 ns) = 7.789 ns; Loc. = LCCOMB_X38_Y11_N30; Fanout = 1; COMB Node = '6bit_FA:inst4|FA:inst10|inst7~0'
    Info: 6: + IC(0.242 ns) + CELL(0.272 ns) = 8.303 ns; Loc. = LCCOMB_X38_Y11_N2; Fanout = 1; COMB Node = 'inst16~1'
    Info: 7: + IC(0.773 ns) + CELL(0.346 ns) = 9.422 ns; Loc. = LCCOMB_X39_Y12_N14; Fanout = 1; COMB Node = 'inst16~2'
    Info: 8: + IC(0.631 ns) + CELL(0.357 ns) = 10.410 ns; Loc. = LCCOMB_X38_Y11_N22; Fanout = 1; COMB Node = 'inst16~3'
    Info: 9: + IC(1.323 ns) + CELL(1.952 ns) = 13.685 ns; Loc. = PIN_V7; Fanout = 0; PIN Node = 'R'
    Info: Total cell delay = 4.737 ns ( 34.61 % )
    Info: Total interconnect delay = 8.948 ns ( 65.39 % )
Info: Quartus II Classic Timing Analyzer was successful. 0 errors, 0 warnings
    Info: Peak virtual memory: 194 megabytes
    Info: Processing ended: Sun Aug 27 09:20:11 2023
    Info: Elapsed time: 00:00:00
    Info: Total CPU time (on all processors): 00:00:00


