Analysis & Synthesis report for UART
Sun Aug 27 14:24:44 2023
Quartus II Version 9.0 Build 132 02/25/2009 SJ Web Edition


---------------------
; Table of Contents ;
---------------------
  1. Legal Notice
  2. Analysis & Synthesis Summary
  3. Analysis & Synthesis Settings
  4. Analysis & Synthesis Source Files Read
  5. Analysis & Synthesis Resource Usage Summary
  6. Analysis & Synthesis Resource Utilization by Entity
  7. State Machine - |TopLevel|UART_Receiver:u1|state
  8. User-Specified and Inferred Latches
  9. Registers Removed During Synthesis
 10. General Register Statistics
 11. Multiplexer Restructuring Statistics (Restructuring Performed)
 12. Analysis & Synthesis Messages



----------------
; Legal Notice ;
----------------
Copyright (C) 1991-2009 Altera Corporation
Your use of Altera Corporation's design tools, logic functions 
and other software and tools, and its AMPP partner logic 
functions, and any output files from any of the foregoing 
(including device programming or simulation files), and any 
associated documentation or information are expressly subject 
to the terms and conditions of the Altera Program License 
Subscription Agreement, Altera MegaCore Function License 
Agreement, or other applicable license agreement, including, 
without limitation, that your use is for the sole purpose of 
programming logic devices manufactured by Altera and sold by 
Altera or its authorized distributors.  Please refer to the 
applicable agreement for further details.



+-------------------------------------------------------------------------+
; Analysis & Synthesis Summary                                            ;
+-------------------------------+-----------------------------------------+
; Analysis & Synthesis Status   ; Successful - Sun Aug 27 14:24:44 2023   ;
; Quartus II Version            ; 9.0 Build 132 02/25/2009 SJ Web Edition ;
; Revision Name                 ; UART                                    ;
; Top-level Entity Name         ; TopLevel                                ;
; Family                        ; Stratix II                              ;
; Logic utilization             ; N/A                                     ;
;     Combinational ALUTs       ; 22                                      ;
;     Dedicated logic registers ; 4                                       ;
; Total registers               ; 4                                       ;
; Total pins                    ; 10                                      ;
; Total virtual pins            ; 0                                       ;
; Total block memory bits       ; 0                                       ;
; DSP block 9-bit elements      ; 0                                       ;
; Total PLLs                    ; 0                                       ;
; Total DLLs                    ; 0                                       ;
+-------------------------------+-----------------------------------------+


+----------------------------------------------------------------------------------------------------------+
; Analysis & Synthesis Settings                                                                            ;
+----------------------------------------------------------------+--------------------+--------------------+
; Option                                                         ; Setting            ; Default Value      ;
+----------------------------------------------------------------+--------------------+--------------------+
; Top-level entity name                                          ; TopLevel           ; UART               ;
; Family name                                                    ; Stratix II         ; Stratix II         ;
; Use Generated Physical Constraints File                        ; Off                ;                    ;
; Use smart compilation                                          ; Off                ; Off                ;
; Restructure Multiplexers                                       ; Auto               ; Auto               ;
; Create Debugging Nodes for IP Cores                            ; Off                ; Off                ;
; Preserve fewer node names                                      ; On                 ; On                 ;
; Disable OpenCore Plus hardware evaluation                      ; Off                ; Off                ;
; Verilog Version                                                ; Verilog_2001       ; Verilog_2001       ;
; VHDL Version                                                   ; VHDL93             ; VHDL93             ;
; State Machine Processing                                       ; Auto               ; Auto               ;
; Safe State Machine                                             ; Off                ; Off                ;
; Extract Verilog State Machines                                 ; On                 ; On                 ;
; Extract VHDL State Machines                                    ; On                 ; On                 ;
; Ignore Verilog initial constructs                              ; Off                ; Off                ;
; Iteration limit for constant Verilog loops                     ; 5000               ; 5000               ;
; Iteration limit for non-constant Verilog loops                 ; 250                ; 250                ;
; Add Pass-Through Logic to Inferred RAMs                        ; On                 ; On                 ;
; Parallel Synthesis                                             ; Off                ; Off                ;
; DSP Block Balancing                                            ; Auto               ; Auto               ;
; NOT Gate Push-Back                                             ; On                 ; On                 ;
; Power-Up Don't Care                                            ; On                 ; On                 ;
; Remove Redundant Logic Cells                                   ; Off                ; Off                ;
; Remove Duplicate Registers                                     ; On                 ; On                 ;
; Ignore CARRY Buffers                                           ; Off                ; Off                ;
; Ignore CASCADE Buffers                                         ; Off                ; Off                ;
; Ignore GLOBAL Buffers                                          ; Off                ; Off                ;
; Ignore ROW GLOBAL Buffers                                      ; Off                ; Off                ;
; Ignore LCELL Buffers                                           ; Off                ; Off                ;
; Ignore SOFT Buffers                                            ; On                 ; On                 ;
; Limit AHDL Integers to 32 Bits                                 ; Off                ; Off                ;
; Optimization Technique                                         ; Balanced           ; Balanced           ;
; Carry Chain Length                                             ; 70                 ; 70                 ;
; Auto Carry Chains                                              ; On                 ; On                 ;
; Auto Open-Drain Pins                                           ; On                 ; On                 ;
; Perform WYSIWYG Primitive Resynthesis                          ; Off                ; Off                ;
; Auto ROM Replacement                                           ; On                 ; On                 ;
; Auto RAM Replacement                                           ; On                 ; On                 ;
; Auto DSP Block Replacement                                     ; On                 ; On                 ;
; Auto Shift Register Replacement                                ; Auto               ; Auto               ;
; Auto Clock Enable Replacement                                  ; On                 ; On                 ;
; Strict RAM Replacement                                         ; Off                ; Off                ;
; Allow Synchronous Control Signals                              ; On                 ; On                 ;
; Force Use of Synchronous Clear Signals                         ; Off                ; Off                ;
; Auto RAM Block Balancing                                       ; On                 ; On                 ;
; Auto RAM to Logic Cell Conversion                              ; Off                ; Off                ;
; Auto Resource Sharing                                          ; Off                ; Off                ;
; Allow Any RAM Size For Recognition                             ; Off                ; Off                ;
; Allow Any ROM Size For Recognition                             ; Off                ; Off                ;
; Allow Any Shift Register Size For Recognition                  ; Off                ; Off                ;
; Use LogicLock Constraints during Resource Balancing            ; On                 ; On                 ;
; Ignore translate_off and synthesis_off directives              ; Off                ; Off                ;
; Timing-Driven Synthesis                                        ; Off                ; Off                ;
; Show Parameter Settings Tables in Synthesis Report             ; On                 ; On                 ;
; Ignore Maximum Fan-Out Assignments                             ; Off                ; Off                ;
; Synchronization Register Chain Length                          ; 2                  ; 2                  ;
; PowerPlay Power Optimization                                   ; Normal compilation ; Normal compilation ;
; HDL message level                                              ; Level2             ; Level2             ;
; Suppress Register Optimization Related Messages                ; Off                ; Off                ;
; Number of Removed Registers Reported in Synthesis Report       ; 100                ; 100                ;
; Number of Inverted Registers Reported in Synthesis Report      ; 100                ; 100                ;
; Clock MUX Protection                                           ; On                 ; On                 ;
; Auto Gated Clock Conversion                                    ; Off                ; Off                ;
; Block Design Naming                                            ; Auto               ; Auto               ;
; SDC constraint protection                                      ; Off                ; Off                ;
; Synthesis Effort                                               ; Auto               ; Auto               ;
; Allows Asynchronous Clear Usage For Shift Register Replacement ; On                 ; On                 ;
; Analysis & Synthesis Message Level                             ; Medium             ; Medium             ;
+----------------------------------------------------------------+--------------------+--------------------+


+--------------------------------------------------------------------------------------------------------------------------------------------------------------------------------------------+
; Analysis & Synthesis Source Files Read                                                                                                                                                     ;
+----------------------------------+-----------------+------------------------+--------------------------------------------------------------------------------------------------------------+
; File Name with User-Entered Path ; Used in Netlist ; File Type              ; File Name with Absolute Path                                                                                 ;
+----------------------------------+-----------------+------------------------+--------------------------------------------------------------------------------------------------------------+
; TopLevel.v                       ; yes             ; User Verilog HDL File  ; C:/Users/Iman/Downloads/Reposetories/CE203-DigitalSystemsDesign-Lab/Practice/Practice 7/Code/TopLevel.v      ;
; UART_Receiver.v                  ; yes             ; User Verilog HDL File  ; C:/Users/Iman/Downloads/Reposetories/CE203-DigitalSystemsDesign-Lab/Practice/Practice 7/Code/UART_Receiver.v ;
+----------------------------------+-----------------+------------------------+--------------------------------------------------------------------------------------------------------------+


+--------------------------------------------------------------------------------+
; Analysis & Synthesis Resource Usage Summary                                    ;
+-----------------------------------------------+--------------------------------+
; Resource                                      ; Usage                          ;
+-----------------------------------------------+--------------------------------+
; Estimated ALUTs Used                          ; 22                             ;
; Dedicated logic registers                     ; 4                              ;
;                                               ;                                ;
; Estimated ALUTs Unavailable                   ; 0                              ;
;                                               ;                                ;
; Total combinational functions                 ; 22                             ;
; Combinational ALUT usage by number of inputs  ;                                ;
;     -- 7 input functions                      ; 1                              ;
;     -- 6 input functions                      ; 1                              ;
;     -- 5 input functions                      ; 2                              ;
;     -- 4 input functions                      ; 3                              ;
;     -- <=3 input functions                    ; 15                             ;
;                                               ;                                ;
; Combinational ALUTs by mode                   ;                                ;
;     -- normal mode                            ; 21                             ;
;     -- extended LUT mode                      ; 1                              ;
;     -- arithmetic mode                        ; 0                              ;
;     -- shared arithmetic mode                 ; 0                              ;
;                                               ;                                ;
; Estimated ALUT/register pairs used            ; 22                             ;
;                                               ;                                ;
; Total registers                               ; 4                              ;
;     -- Dedicated logic registers              ; 4                              ;
;     -- I/O registers                          ; 0                              ;
;                                               ;                                ;
; Estimated ALMs:  partially or completely used ; 11                             ;
;                                               ;                                ;
; I/O pins                                      ; 10                             ;
; Maximum fan-out node                          ; UART_Receiver:u1|state.RECEIVE ;
; Maximum fan-out                               ; 13                             ;
; Total fan-out                                 ; 91                             ;
; Average fan-out                               ; 2.53                           ;
+-----------------------------------------------+--------------------------------+


+------------------------------------------------------------------------------------------------------------------------------------------------------------------------------------------------------+
; Analysis & Synthesis Resource Utilization by Entity                                                                                                                                                  ;
+----------------------------+-------------------+--------------+-------------------+--------------+---------+-----------+-----------+------+--------------+----------------------------+--------------+
; Compilation Hierarchy Node ; LC Combinationals ; LC Registers ; Block Memory Bits ; DSP Elements ; DSP 9x9 ; DSP 18x18 ; DSP 36x36 ; Pins ; Virtual Pins ; Full Hierarchy Name        ; Library Name ;
+----------------------------+-------------------+--------------+-------------------+--------------+---------+-----------+-----------+------+--------------+----------------------------+--------------+
; |TopLevel                  ; 22 (0)            ; 4 (0)        ; 0                 ; 0            ; 0       ; 0         ; 0         ; 10   ; 0            ; |TopLevel                  ; work         ;
;    |UART_Receiver:u1|      ; 22 (22)           ; 4 (4)        ; 0                 ; 0            ; 0       ; 0         ; 0         ; 0    ; 0            ; |TopLevel|UART_Receiver:u1 ; work         ;
+----------------------------+-------------------+--------------+-------------------+--------------+---------+-----------+-----------+------+--------------+----------------------------+--------------+
Note: For table entries with two numbers listed, the numbers in parentheses indicate the number of resources of the given type used by the specific entity alone. The numbers listed outside of parentheses indicate the total resources of the given type used by the specific entity and all of its sub-entities in the hierarchy.


Encoding Type:  One-Hot
+-----------------------------------------------------------------------------------------------+
; State Machine - |TopLevel|UART_Receiver:u1|state                                              ;
+--------------------+------------------+--------------------+---------------+------------------+
; Name               ; state.CHECK_STOP ; state.CHECK_PARITY ; state.RECEIVE ; state.WAIT_START ;
+--------------------+------------------+--------------------+---------------+------------------+
; state.WAIT_START   ; 0                ; 0                  ; 0             ; 0                ;
; state.RECEIVE      ; 0                ; 0                  ; 1             ; 1                ;
; state.CHECK_PARITY ; 0                ; 1                  ; 0             ; 1                ;
; state.CHECK_STOP   ; 1                ; 0                  ; 0             ; 1                ;
+--------------------+------------------+--------------------+---------------+------------------+


+---------------------------------------------------------------------------------------------------------------+
; User-Specified and Inferred Latches                                                                           ;
+-----------------------------------------------------+--------------------------------+------------------------+
; Latch Name                                          ; Latch Enable Signal            ; Free of Timing Hazards ;
+-----------------------------------------------------+--------------------------------+------------------------+
; UART_Receiver:u1|shift_reg[0]                       ; UART_Receiver:u1|state.RECEIVE ; yes                    ;
; UART_Receiver:u1|shift_reg[1]                       ; UART_Receiver:u1|state.RECEIVE ; yes                    ;
; UART_Receiver:u1|shift_reg[2]                       ; UART_Receiver:u1|state.RECEIVE ; yes                    ;
; UART_Receiver:u1|shift_reg[3]                       ; UART_Receiver:u1|state.RECEIVE ; yes                    ;
; UART_Receiver:u1|shift_reg[4]                       ; UART_Receiver:u1|state.RECEIVE ; yes                    ;
; UART_Receiver:u1|shift_reg[5]                       ; UART_Receiver:u1|state.RECEIVE ; yes                    ;
; UART_Receiver:u1|shift_reg[6]                       ; UART_Receiver:u1|state.RECEIVE ; yes                    ;
; UART_Receiver:u1|bit_counter[0]                     ; UART_Receiver:u1|bit_counter~0 ; yes                    ;
; UART_Receiver:u1|bit_counter[1]                     ; UART_Receiver:u1|bit_counter~0 ; yes                    ;
; UART_Receiver:u1|bit_counter[2]                     ; UART_Receiver:u1|bit_counter~0 ; yes                    ;
; Number of user-specified and inferred latches = 10  ;                                ;                        ;
+-----------------------------------------------------+--------------------------------+------------------------+
Note: All latches listed above may not be present at the end of synthesis due to various synthesis optimizations.


+------------------------------------------------------------+
; Registers Removed During Synthesis                         ;
+---------------------------------------+--------------------+
; Register name                         ; Reason for Removal ;
+---------------------------------------+--------------------+
; UART_Receiver:u1|state~5              ; Lost fanout        ;
; UART_Receiver:u1|state~6              ; Lost fanout        ;
; UART_Receiver:u1|state~7              ; Lost fanout        ;
; Total Number of Removed Registers = 3 ;                    ;
+---------------------------------------+--------------------+


+------------------------------------------------------+
; General Register Statistics                          ;
+----------------------------------------------+-------+
; Statistic                                    ; Value ;
+----------------------------------------------+-------+
; Total registers                              ; 4     ;
; Number of registers using Synchronous Clear  ; 0     ;
; Number of registers using Synchronous Load   ; 0     ;
; Number of registers using Asynchronous Clear ; 0     ;
; Number of registers using Asynchronous Load  ; 0     ;
; Number of registers using Clock Enable       ; 0     ;
; Number of registers using Preset             ; 0     ;
+----------------------------------------------+-------+


+----------------------------------------------------------------------------------------------------------------------------------------------------+
; Multiplexer Restructuring Statistics (Restructuring Performed)                                                                                     ;
+--------------------+-----------+---------------+----------------------+------------------------+------------+--------------------------------------+
; Multiplexer Inputs ; Bus Width ; Baseline Area ; Area if Restructured ; Saving if Restructured ; Registered ; Example Multiplexer Output           ;
+--------------------+-----------+---------------+----------------------+------------------------+------------+--------------------------------------+
; 6:1                ; 2 bits    ; 8 ALUTs       ; 4 ALUTs              ; 4 ALUTs                ; No         ; |TopLevel|UART_Receiver:u1|Selector0 ;
+--------------------+-----------+---------------+----------------------+------------------------+------------+--------------------------------------+


+-------------------------------+
; Analysis & Synthesis Messages ;
+-------------------------------+
Info: *******************************************************************
Info: Running Quartus II Analysis & Synthesis
    Info: Version 9.0 Build 132 02/25/2009 SJ Web Edition
    Info: Processing started: Sun Aug 27 14:24:44 2023
Info: Command: quartus_map --read_settings_files=on --write_settings_files=off UART -c UART
Info: Found 1 design units, including 1 entities, in source file TopLevel.v
    Info: Found entity 1: TopLevel
Info: Found 1 design units, including 1 entities, in source file testbench.v
    Info: Found entity 1: testbench
Info: Found 1 design units, including 1 entities, in source file UART_Receiver.v
    Info: Found entity 1: UART_Receiver
Info: Found 1 design units, including 1 entities, in source file UART_Transmitter.v
    Info: Found entity 1: UART_Transmitter
Info: Elaborating entity "TopLevel" for the top level hierarchy
Info: Elaborating entity "UART_Receiver" for hierarchy "UART_Receiver:u1"
Warning (10230): Verilog HDL assignment warning at UART_Receiver.v(32): truncated value with size 32 to match size of target (3)
Warning (10240): Verilog HDL Always Construct warning at UART_Receiver.v(18): inferring latch(es) for variable "bit_counter", which holds its previous value in one or more paths through the always construct
Warning (10240): Verilog HDL Always Construct warning at UART_Receiver.v(18): inferring latch(es) for variable "shift_reg", which holds its previous value in one or more paths through the always construct
Warning (10240): Verilog HDL Always Construct warning at UART_Receiver.v(18): inferring latch(es) for variable "parity_bit", which holds its previous value in one or more paths through the always construct
Info (10041): Inferred latch for "shift_reg[0]" at UART_Receiver.v(18)
Info (10041): Inferred latch for "shift_reg[1]" at UART_Receiver.v(18)
Info (10041): Inferred latch for "shift_reg[2]" at UART_Receiver.v(18)
Info (10041): Inferred latch for "shift_reg[3]" at UART_Receiver.v(18)
Info (10041): Inferred latch for "shift_reg[4]" at UART_Receiver.v(18)
Info (10041): Inferred latch for "shift_reg[5]" at UART_Receiver.v(18)
Info (10041): Inferred latch for "shift_reg[6]" at UART_Receiver.v(18)
Info (10041): Inferred latch for "bit_counter[0]" at UART_Receiver.v(18)
Info (10041): Inferred latch for "bit_counter[1]" at UART_Receiver.v(18)
Info (10041): Inferred latch for "bit_counter[2]" at UART_Receiver.v(18)
Info: 3 registers lost all their fanouts during netlist optimizations. The first 3 are displayed below.
    Info: Register "UART_Receiver:u1|state~5" lost all its fanouts during netlist optimizations.
    Info: Register "UART_Receiver:u1|state~6" lost all its fanouts during netlist optimizations.
    Info: Register "UART_Receiver:u1|state~7" lost all its fanouts during netlist optimizations.
Info: Implemented 33 device resources after synthesis - the final resource count might be different
    Info: Implemented 2 input pins
    Info: Implemented 8 output pins
    Info: Implemented 23 logic cells
Info: Quartus II Analysis & Synthesis was successful. 0 errors, 4 warnings
    Info: Peak virtual memory: 229 megabytes
    Info: Processing ended: Sun Aug 27 14:24:44 2023
    Info: Elapsed time: 00:00:00
    Info: Total CPU time (on all processors): 00:00:01


