Classic Timing Analyzer report for sequential_comparator
Mon Aug 14 06:57:22 2023
Quartus II Version 9.0 Build 132 02/25/2009 SJ Web Edition


---------------------
; Table of Contents ;
---------------------
  1. Legal Notice
  2. Timing Analyzer Summary
  3. Timing Analyzer Settings
  4. Parallel Compilation
  5. tpd
  6. Timing Analyzer Messages



----------------
; Legal Notice ;
----------------
Copyright (C) 1991-2009 Altera Corporation
Your use of Altera Corporation's design tools, logic functions 
and other software and tools, and its AMPP partner logic 
functions, and any output files from any of the foregoing 
(including device programming or simulation files), and any 
associated documentation or information are expressly subject 
to the terms and conditions of the Altera Program License 
Subscription Agreement, Altera MegaCore Function License 
Agreement, or other applicable license agreement, including, 
without limitation, that your use is for the sole purpose of 
programming logic devices manufactured by Altera and sold by 
Altera or its authorized distributors.  Please refer to the 
applicable agreement for further details.



+-------------------------------------------------------------------------------------------------------------------------+
; Timing Analyzer Summary                                                                                                 ;
+------------------------------+-------+---------------+-------------+------+------+------------+----------+--------------+
; Type                         ; Slack ; Required Time ; Actual Time ; From ; To   ; From Clock ; To Clock ; Failed Paths ;
+------------------------------+-------+---------------+-------------+------+------+------------+----------+--------------+
; Worst-case tpd               ; N/A   ; None          ; 9.890 ns    ; clk  ; o_lt ; --         ; --       ; 0            ;
; Total number of failed paths ;       ;               ;             ;      ;      ;            ;          ; 0            ;
+------------------------------+-------+---------------+-------------+------+------+------------+----------+--------------+


+--------------------------------------------------------------------------------------------------------------------+
; Timing Analyzer Settings                                                                                           ;
+---------------------------------------------------------------------+--------------------+------+----+-------------+
; Option                                                              ; Setting            ; From ; To ; Entity Name ;
+---------------------------------------------------------------------+--------------------+------+----+-------------+
; Device Name                                                         ; EP2S15F484C3       ;      ;    ;             ;
; Timing Models                                                       ; Final              ;      ;    ;             ;
; Default hold multicycle                                             ; Same as Multicycle ;      ;    ;             ;
; Cut paths between unrelated clock domains                           ; On                 ;      ;    ;             ;
; Cut off read during write signal paths                              ; On                 ;      ;    ;             ;
; Cut off feedback from I/O pins                                      ; On                 ;      ;    ;             ;
; Report Combined Fast/Slow Timing                                    ; Off                ;      ;    ;             ;
; Ignore Clock Settings                                               ; Off                ;      ;    ;             ;
; Analyze latches as synchronous elements                             ; On                 ;      ;    ;             ;
; Enable Recovery/Removal analysis                                    ; Off                ;      ;    ;             ;
; Enable Clock Latency                                                ; Off                ;      ;    ;             ;
; Use TimeQuest Timing Analyzer                                       ; Off                ;      ;    ;             ;
; Number of source nodes to report per destination node               ; 10                 ;      ;    ;             ;
; Number of destination nodes to report                               ; 10                 ;      ;    ;             ;
; Number of paths to report                                           ; 200                ;      ;    ;             ;
; Report Minimum Timing Checks                                        ; Off                ;      ;    ;             ;
; Use Fast Timing Models                                              ; Off                ;      ;    ;             ;
; Report IO Paths Separately                                          ; Off                ;      ;    ;             ;
; Perform Multicorner Analysis                                        ; On                 ;      ;    ;             ;
; Reports the worst-case path for each clock domain and analysis      ; Off                ;      ;    ;             ;
; Removes common clock path pessimism (CCPP) during slack computation ; Off                ;      ;    ;             ;
; Output I/O Timing Endpoint                                          ; Near End           ;      ;    ;             ;
+---------------------------------------------------------------------+--------------------+------+----+-------------+


Parallel compilation was disabled, but you have multiple processors available. Enable parallel compilation to reduce compilation time.
+-------------------------------------+
; Parallel Compilation                ;
+----------------------------+--------+
; Processors                 ; Number ;
+----------------------------+--------+
; Number detected on machine ; 8      ;
; Maximum allowed            ; 1      ;
+----------------------------+--------+


+------------------------------------------------------------+
; tpd                                                        ;
+-------+-------------------+-----------------+-------+------+
; Slack ; Required P2P Time ; Actual P2P Time ; From  ; To   ;
+-------+-------------------+-----------------+-------+------+
; N/A   ; None              ; 9.890 ns        ; clk   ; o_lt ;
; N/A   ; None              ; 9.801 ns        ; y     ; o_lt ;
; N/A   ; None              ; 9.748 ns        ; reset ; o_lt ;
; N/A   ; None              ; 8.942 ns        ; clk   ; o_gt ;
; N/A   ; None              ; 8.846 ns        ; y     ; o_gt ;
; N/A   ; None              ; 8.792 ns        ; reset ; o_gt ;
; N/A   ; None              ; 7.896 ns        ; x     ; o_lt ;
; N/A   ; None              ; 6.950 ns        ; x     ; o_gt ;
+-------+-------------------+-----------------+-------+------+


+--------------------------+
; Timing Analyzer Messages ;
+--------------------------+
Info: *******************************************************************
Info: Running Quartus II Classic Timing Analyzer
    Info: Version 9.0 Build 132 02/25/2009 SJ Web Edition
    Info: Processing started: Mon Aug 14 06:57:22 2023
Info: Command: quartus_tan --read_settings_files=off --write_settings_files=off sequential_comparator -c sequential_comparator --timing_analysis_only
Warning: Found combinational loop of 2 nodes
    Warning: Node "o_lt~5"
    Warning: Node "o_gt~5"
Info: Longest tpd from source pin "clk" to destination pin "o_lt" is 9.890 ns
    Info: 1: + IC(0.000 ns) + CELL(0.772 ns) = 0.772 ns; Loc. = PIN_AA9; Fanout = 4; PIN Node = 'clk'
    Info: 2: + IC(0.000 ns) + CELL(4.809 ns) = 5.581 ns; Loc. = LCCOMB_X25_Y2_N4; Fanout = 3; COMB LOOP Node = 'o_lt~5'
        Info: Loc. = LCCOMB_X25_Y2_N16; Node "o_gt~5"
        Info: Loc. = LCCOMB_X25_Y2_N4; Node "o_lt~5"
    Info: 3: + IC(2.273 ns) + CELL(2.036 ns) = 9.890 ns; Loc. = PIN_D10; Fanout = 0; PIN Node = 'o_lt'
    Info: Total cell delay = 7.617 ns ( 77.02 % )
    Info: Total interconnect delay = 2.273 ns ( 22.98 % )
Info: Quartus II Classic Timing Analyzer was successful. 0 errors, 3 warnings
    Info: Peak virtual memory: 194 megabytes
    Info: Processing ended: Mon Aug 14 06:57:23 2023
    Info: Elapsed time: 00:00:01
    Info: Total CPU time (on all processors): 00:00:00


