Flow report for Multiplier
Sun Aug 27 03:25:29 2023
Quartus II Version 9.0 Build 132 02/25/2009 SJ Web Edition


---------------------
; Table of Contents ;
---------------------
  1. Legal Notice
  2. Flow Summary
  3. Flow Settings
  4. Flow Non-Default Global Settings
  5. Flow Elapsed Time
  6. Flow OS Summary
  7. Flow Log



----------------
; Legal Notice ;
----------------
Copyright (C) 1991-2009 Altera Corporation
Your use of Altera Corporation's design tools, logic functions 
and other software and tools, and its AMPP partner logic 
functions, and any output files from any of the foregoing 
(including device programming or simulation files), and any 
associated documentation or information are expressly subject 
to the terms and conditions of the Altera Program License 
Subscription Agreement, Altera MegaCore Function License 
Agreement, or other applicable license agreement, including, 
without limitation, that your use is for the sole purpose of 
programming logic devices manufactured by Altera and sold by 
Altera or its authorized distributors.  Please refer to the 
applicable agreement for further details.



+------------------------------------------------------------------------------+
; Flow Summary                                                                 ;
+------------------------------------+-----------------------------------------+
; Flow Status                        ; Successful - Sun Aug 27 03:25:29 2023   ;
; Quartus II Version                 ; 9.0 Build 132 02/25/2009 SJ Web Edition ;
; Revision Name                      ; Multiplier                              ;
; Top-level Entity Name              ; BoothMultiplier                         ;
; Family                             ; Cyclone II                              ;
; Device                             ; EP2C20F484C7                            ;
; Timing Models                      ; Final                                   ;
; Met timing requirements            ; Yes                                     ;
; Total logic elements               ; 65 / 18,752 ( < 1 % )                   ;
;     Total combinational functions  ; 64 / 18,752 ( < 1 % )                   ;
;     Dedicated logic registers      ; 20 / 18,752 ( < 1 % )                   ;
; Total registers                    ; 20                                      ;
; Total pins                         ; 19 / 315 ( 6 % )                        ;
; Total virtual pins                 ; 0                                       ;
; Total memory bits                  ; 0 / 239,616 ( 0 % )                     ;
; Embedded Multiplier 9-bit elements ; 0 / 52 ( 0 % )                          ;
; Total PLLs                         ; 0 / 4 ( 0 % )                           ;
+------------------------------------+-----------------------------------------+


+-----------------------------------------+
; Flow Settings                           ;
+-------------------+---------------------+
; Option            ; Setting             ;
+-------------------+---------------------+
; Start date & time ; 08/27/2023 03:25:15 ;
; Main task         ; Compilation         ;
; Revision Name     ; Multiplier          ;
+-------------------+---------------------+


+------------------------------------------------------------------------------------------------------------------------+
; Flow Non-Default Global Settings                                                                                       ;
+------------------------------------+--------------------------------+---------------+-----------------+----------------+
; Assignment Name                    ; Value                          ; Default Value ; Entity Name     ; Section Id     ;
+------------------------------------+--------------------------------+---------------+-----------------+----------------+
; COMPILER_SIGNATURE_ID              ; 75064541466451.169309411513048 ; --            ; --              ; --             ;
; MAX_CORE_JUNCTION_TEMP             ; 85                             ; --            ; --              ; --             ;
; MIN_CORE_JUNCTION_TEMP             ; 0                              ; --            ; --              ; --             ;
; PARTITION_COLOR                    ; 16764057                       ; --            ; BoothMultiplier ; Top            ;
; PARTITION_NETLIST_TYPE             ; SOURCE                         ; --            ; BoothMultiplier ; Top            ;
; TOP_LEVEL_ENTITY                   ; BoothMultiplier                ; Multiplier    ; --              ; --             ;
; USE_GENERATED_PHYSICAL_CONSTRAINTS ; Off                            ; --            ; --              ; eda_blast_fpga ;
+------------------------------------+--------------------------------+---------------+-----------------+----------------+


+-----------------------------------------------------------------------------------------------------------------------------+
; Flow Elapsed Time                                                                                                           ;
+-------------------------+--------------+-------------------------+---------------------+------------------------------------+
; Module Name             ; Elapsed Time ; Average Processors Used ; Peak Virtual Memory ; Total CPU Time (on all processors) ;
+-------------------------+--------------+-------------------------+---------------------+------------------------------------+
; Analysis & Synthesis    ; 00:00:03     ; 1.0                     ; 244 MB              ; 00:00:03                           ;
; Fitter                  ; 00:00:05     ; 1.0                     ; 295 MB              ; 00:00:03                           ;
; Assembler               ; 00:00:03     ; 1.0                     ; 258 MB              ; 00:00:03                           ;
; Classic Timing Analyzer ; 00:00:02     ; 1.0                     ; 195 MB              ; 00:00:01                           ;
; Total                   ; 00:00:13     ; --                      ; --                  ; 00:00:10                           ;
+-------------------------+--------------+-------------------------+---------------------+------------------------------------+


+------------------------------------------------------------------------------------------+
; Flow OS Summary                                                                          ;
+-------------------------+------------------+---------------+------------+----------------+
; Module Name             ; Machine Hostname ; OS Name       ; OS Version ; Processor type ;
+-------------------------+------------------+---------------+------------+----------------+
; Analysis & Synthesis    ; Eye_Patch        ; Windows Vista ; 6.2        ; x86_64         ;
; Fitter                  ; Eye_Patch        ; Windows Vista ; 6.2        ; x86_64         ;
; Assembler               ; Eye_Patch        ; Windows Vista ; 6.2        ; x86_64         ;
; Classic Timing Analyzer ; Eye_Patch        ; Windows Vista ; 6.2        ; x86_64         ;
+-------------------------+------------------+---------------+------------+----------------+


------------
; Flow Log ;
------------
quartus_map --read_settings_files=on --write_settings_files=off Multiplier -c Multiplier
quartus_fit --read_settings_files=off --write_settings_files=off Multiplier -c Multiplier
quartus_asm --read_settings_files=off --write_settings_files=off Multiplier -c Multiplier
quartus_tan --read_settings_files=off --write_settings_files=off Multiplier -c Multiplier --timing_analysis_only



